2024-02-27 22:30:29,171 - DEBUG - This is a debug message
2024-02-27 22:30:29,172 - INFO - This is an info message
2024-02-27 22:30:29,172 - WARNING - This is a warning message
2024-02-27 22:30:29,172 - ERROR - This is an error message
2024-02-27 22:30:29,172 - CRITICAL - This is a critical message
2024-02-27 22:56:20,054 - DEBUG - This is a debug message
2024-02-27 22:56:20,055 - INFO - This is an info message
2024-02-27 22:56:20,055 - WARNING - This is a warning message
2024-02-27 22:56:20,055 - ERROR - This is an error message
2024-02-27 22:56:20,055 - CRITICAL - This is a critical message
2024-02-29 00:04:44,386 - DEBUG - This is a debug message
2024-02-29 00:04:44,386 - INFO - This is an info message
2024-02-29 00:04:44,387 - WARNING - This is a warning message
2024-02-29 00:04:44,388 - ERROR - This is an error message
2024-02-29 00:04:44,389 - CRITICAL - This is a critical message
2024-02-29 00:04:56,108 - DEBUG - This is a debug message
2024-02-29 00:04:56,109 - INFO - This is an info message
2024-02-29 00:04:56,109 - WARNING - This is a warning message
2024-02-29 00:04:56,109 - ERROR - This is an error message
2024-02-29 00:04:56,110 - CRITICAL - This is a critical message
2024-02-29 01:07:17,989 - DEBUG - This is a debug message
2024-02-29 01:07:17,989 - INFO - This is an info message
2024-02-29 01:07:17,989 - WARNING - This is a warning message
2024-02-29 01:07:17,989 - ERROR - This is an error message
2024-02-29 01:07:17,990 - CRITICAL - This is a critical message
2024-02-29 01:11:53,733 - DEBUG - This is a debug message
2024-02-29 01:11:53,733 - INFO - This is an info message
2024-02-29 01:11:53,734 - WARNING - This is a warning message
2024-02-29 01:11:53,734 - ERROR - This is an error message
2024-02-29 01:11:53,734 - CRITICAL - This is a critical message
2024-02-29 01:22:11,579 - DEBUG - This is a debug message
2024-02-29 01:22:11,579 - INFO - This is an info message
2024-02-29 01:22:11,579 - WARNING - This is a warning message
2024-02-29 01:22:11,580 - ERROR - This is an error message
2024-02-29 01:22:11,580 - CRITICAL - This is a critical message
2024-02-29 01:50:22,383 - DEBUG - This is a debug message
2024-02-29 01:50:22,383 - INFO - This is an info message
2024-02-29 01:50:22,383 - WARNING - This is a warning message
2024-02-29 01:50:22,383 - ERROR - This is an error message
2024-02-29 01:50:22,384 - CRITICAL - This is a critical message
2024-02-29 02:01:57,685 - DEBUG - This is a debug message
2024-02-29 02:01:57,685 - INFO - This is an info message
2024-02-29 02:01:57,685 - WARNING - This is a warning message
2024-02-29 02:01:57,685 - ERROR - This is an error message
2024-02-29 02:01:57,686 - CRITICAL - This is a critical message
2024-02-29 03:56:22,323 - DEBUG - This is a debug message
2024-02-29 03:56:22,323 - INFO - This is an info message
2024-02-29 03:56:22,324 - WARNING - This is a warning message
2024-02-29 03:56:22,324 - ERROR - This is an error message
2024-02-29 03:56:22,325 - CRITICAL - This is a critical message
2024-02-29 04:06:29,205 - DEBUG - This is a debug message
2024-02-29 04:06:29,206 - INFO - This is an info message
2024-02-29 04:06:29,206 - WARNING - This is a warning message
2024-02-29 04:06:29,206 - ERROR - This is an error message
2024-02-29 04:06:29,207 - CRITICAL - This is a critical message
2024-02-29 04:11:01,067 - DEBUG - This is a debug message
2024-02-29 04:11:01,068 - INFO - This is an info message
2024-02-29 04:11:01,068 - WARNING - This is a warning message
2024-02-29 04:11:01,068 - ERROR - This is an error message
2024-02-29 04:11:01,069 - CRITICAL - This is a critical message
2024-02-29 04:12:12,695 - DEBUG - This is a debug message
2024-02-29 04:12:12,695 - INFO - This is an info message
2024-02-29 04:12:12,695 - WARNING - This is a warning message
2024-02-29 04:12:12,696 - ERROR - This is an error message
2024-02-29 04:12:12,696 - CRITICAL - This is a critical message
2024-02-29 04:14:12,056 - DEBUG - This is a debug message
2024-02-29 04:14:12,056 - INFO - This is an info message
2024-02-29 04:14:12,057 - WARNING - This is a warning message
2024-02-29 04:14:12,057 - ERROR - This is an error message
2024-02-29 04:14:12,057 - CRITICAL - This is a critical message
2024-02-29 04:17:06,113 - DEBUG - This is a debug message
2024-02-29 04:17:06,113 - INFO - This is an info message
2024-02-29 04:17:06,114 - WARNING - This is a warning message
2024-02-29 04:17:06,114 - ERROR - This is an error message
2024-02-29 04:17:06,114 - CRITICAL - This is a critical message
2024-02-29 04:19:23,439 - DEBUG - This is a debug message
2024-02-29 04:19:23,439 - INFO - This is an info message
2024-02-29 04:19:23,440 - WARNING - This is a warning message
2024-02-29 04:19:23,440 - ERROR - This is an error message
2024-02-29 04:19:23,440 - CRITICAL - This is a critical message
2024-02-29 04:23:01,138 - DEBUG - This is a debug message
2024-02-29 04:23:01,139 - INFO - This is an info message
2024-02-29 04:23:01,139 - WARNING - This is a warning message
2024-02-29 04:23:01,140 - ERROR - This is an error message
2024-02-29 04:23:01,140 - CRITICAL - This is a critical message
2024-02-29 04:28:05,711 - DEBUG - This is a debug message
2024-02-29 04:28:05,711 - INFO - This is an info message
2024-02-29 04:28:05,711 - WARNING - This is a warning message
2024-02-29 04:28:05,713 - ERROR - This is an error message
2024-02-29 04:28:05,713 - CRITICAL - This is a critical message
2024-02-29 04:28:11,211 - DEBUG - This is a debug message
2024-02-29 04:28:11,211 - INFO - This is an info message
2024-02-29 04:28:11,211 - WARNING - This is a warning message
2024-02-29 04:28:11,211 - ERROR - This is an error message
2024-02-29 04:28:11,212 - CRITICAL - This is a critical message
2024-02-29 04:30:48,414 - DEBUG - This is a debug message
2024-02-29 04:30:48,414 - INFO - This is an info message
2024-02-29 04:30:48,415 - WARNING - This is a warning message
2024-02-29 04:30:48,415 - ERROR - This is an error message
2024-02-29 04:30:48,416 - CRITICAL - This is a critical message
2024-02-29 04:39:33,804 - DEBUG - This is a debug message
2024-02-29 04:39:33,804 - INFO - This is an info message
2024-02-29 04:39:33,804 - WARNING - This is a warning message
2024-02-29 04:39:33,804 - ERROR - This is an error message
2024-02-29 04:39:33,805 - CRITICAL - This is a critical message
2024-02-29 04:39:39,979 - DEBUG - This is a debug message
2024-02-29 04:39:39,979 - INFO - This is an info message
2024-02-29 04:39:39,980 - WARNING - This is a warning message
2024-02-29 04:39:39,980 - ERROR - This is an error message
2024-02-29 04:39:39,980 - CRITICAL - This is a critical message
2024-02-29 05:34:39,305 - DEBUG - This is a debug message
2024-02-29 05:34:39,305 - INFO - This is an info message
2024-02-29 05:34:39,305 - WARNING - This is a warning message
2024-02-29 05:34:39,306 - ERROR - This is an error message
2024-02-29 05:34:39,306 - CRITICAL - This is a critical message
2024-02-29 06:38:35,289 - DEBUG - This is a debug message
2024-02-29 06:38:35,289 - INFO - This is an info message
2024-02-29 06:38:35,290 - WARNING - This is a warning message
2024-02-29 06:38:35,290 - ERROR - This is an error message
2024-02-29 06:38:35,290 - CRITICAL - This is a critical message
2024-02-29 06:43:23,707 - DEBUG - This is a debug message
2024-02-29 06:43:23,707 - INFO - This is an info message
2024-02-29 06:43:23,707 - WARNING - This is a warning message
2024-02-29 06:43:23,708 - ERROR - This is an error message
2024-02-29 06:43:23,708 - CRITICAL - This is a critical message
2024-02-29 06:44:07,128 - DEBUG - This is a debug message
2024-02-29 06:44:07,128 - INFO - This is an info message
2024-02-29 06:44:07,128 - WARNING - This is a warning message
2024-02-29 06:44:07,129 - ERROR - This is an error message
2024-02-29 06:44:07,129 - CRITICAL - This is a critical message
2024-02-29 07:05:45,232 - DEBUG - This is a debug message
2024-02-29 07:05:45,233 - INFO - This is an info message
2024-02-29 07:05:45,233 - WARNING - This is a warning message
2024-02-29 07:05:45,233 - ERROR - This is an error message
2024-02-29 07:05:45,233 - CRITICAL - This is a critical message
2024-02-29 07:12:44,606 - DEBUG - This is a debug message
2024-02-29 07:12:44,606 - INFO - This is an info message
2024-02-29 07:12:44,608 - WARNING - This is a warning message
2024-02-29 07:12:44,608 - ERROR - This is an error message
2024-02-29 07:12:44,608 - CRITICAL - This is a critical message
2024-02-29 07:12:52,944 - DEBUG - This is a debug message
2024-02-29 07:12:52,944 - INFO - This is an info message
2024-02-29 07:12:52,945 - WARNING - This is a warning message
2024-02-29 07:12:52,945 - ERROR - This is an error message
2024-02-29 07:12:52,945 - CRITICAL - This is a critical message
2024-02-29 07:40:19,906 - DEBUG - This is a debug message
2024-02-29 07:40:19,906 - INFO - This is an info message
2024-02-29 07:40:19,906 - WARNING - This is a warning message
2024-02-29 07:40:19,907 - ERROR - This is an error message
2024-02-29 07:40:19,907 - CRITICAL - This is a critical message
2024-02-29 07:40:28,326 - DEBUG - This is a debug message
2024-02-29 07:40:28,326 - INFO - This is an info message
2024-02-29 07:40:28,326 - WARNING - This is a warning message
2024-02-29 07:40:28,327 - ERROR - This is an error message
2024-02-29 07:40:28,327 - CRITICAL - This is a critical message
